<?xml version="1.0" encoding="UTF-8"?>
<!-- Generated by org.testng.reporters.JUnitReportReporter -->
<testsuite hostname="LAPTOP-79MDOIDE" failures="0" tests="1" name="com.EbankingFramework.TestCases.LoginPage_TC_001" time="1.949" errors="0" timestamp="2022-03-19T23:12:16 IST" skipped="0">
  <testcase classname="com.EbankingFramework.TestCases.LoginPage_TC_001" name="login" time="1.949"/>
  <system-out/>
</testsuite> <!-- com.EbankingFramework.TestCases.LoginPage_TC_001 -->
